<?xml version="1.0" encoding="UTF-8"?>
<!-- Generated by org.testng.reporters.JUnitXMLReporter -->
<testsuite hostname="DESKTOP-VLB5RLR" ignored="0" name="Test" tests="1" failures="1" timestamp="2021-08-28T12:19:06 IST" time="19.414" errors="0">
  <testcase name="@AfterClass tearDown" time="0.001" classname="com.computech.testcases.FirstHRMLoginTest">
    <failure type="java.lang.NullPointerException">
      <![CDATA[java.lang.NullPointerException
at com.computech.factory.BrowserFactory.closeApplication(BrowserFactory.java:37)
at com.computech.testcases.FirstHRMLoginTest.tearDown(FirstHRMLoginTest.java:29)
at java.util.ArrayList.forEach(ArrayList.java:1259)
... Removed 25 stack frames]]>
    </failure>
  </testcase> <!-- @AfterClass tearDown -->
  <testcase name="loginToHRM" time="0.012" classname="com.computech.testcases.FirstHRMLoginTest">
    <failure type="java.lang.NullPointerException">
      <![CDATA[java.lang.NullPointerException
at com.computech.pages.LoginPage.loginToApplication(LoginPage.java:31)
at com.computech.testcases.FirstHRMLoginTest.loginToHRM(FirstHRMLoginTest.java:24)
at java.util.ArrayList.forEach(ArrayList.java:1259)
... Removed 27 stack frames]]>
    </failure>
  </testcase> <!-- loginToHRM -->
</testsuite> <!-- Test -->
