<?xml version="1.0" encoding="UTF-8"?>
<testng-results skipped="0" failed="0" ignored="0" total="1" passed="1">
  <reporter-output>
  </reporter-output>
  <suite name="Logout Testcases" duration-ms="35694" started-at="2021-09-05T09:42:19 IST" finished-at="2021-09-05T09:42:54 IST">
    <groups>
    </groups>
    <test name="Test" duration-ms="35694" started-at="2021-09-05T09:42:19 IST" finished-at="2021-09-05T09:42:54 IST">
      <class name="com.computech.testcases.LogoutTest">
        <test-method status="PASS" signature="setUpTestSuite()[pri:0, instance:com.computech.testcases.LogoutTest@39aeed2f]" name="setUpTestSuite" is-config="true" duration-ms="413" started-at="2021-09-05T09:42:18 IST" finished-at="2021-09-05T09:42:19 IST">
          <reporter-output>
          </reporter-output>
        </test-method> <!-- setUpTestSuite -->
        <test-method status="PASS" signature="setUp()[pri:0, instance:com.computech.testcases.LogoutTest@39aeed2f]" name="setUp" is-config="true" duration-ms="12152" started-at="2021-09-05T09:42:19 IST" finished-at="2021-09-05T09:42:31 IST">
          <reporter-output>
          </reporter-output>
        </test-method> <!-- setUp -->
        <test-method status="PASS" signature="loginToHRM()[pri:0, instance:com.computech.testcases.LogoutTest@39aeed2f]" name="loginToHRM" duration-ms="20357" started-at="2021-09-05T09:42:31 IST" finished-at="2021-09-05T09:42:51 IST">
          <reporter-output>
          </reporter-output>
        </test-method> <!-- loginToHRM -->
        <test-method status="PASS" signature="tearDownTest(org.testng.ITestResult)[pri:0, instance:com.computech.testcases.LogoutTest@39aeed2f]" name="tearDownTest" is-config="true" duration-ms="1288" started-at="2021-09-05T09:42:51 IST" finished-at="2021-09-05T09:42:53 IST">
          <params>
            <param index="0">
              <value>
                <![CDATA[[TestResult name=loginToHRM status=SUCCESS method=LogoutTest.loginToHRM()[pri:0, instance:com.computech.testcases.LogoutTest@39aeed2f] output={null}]]]>
              </value>
            </param>
          </params>
          <reporter-output>
          </reporter-output>
        </test-method> <!-- tearDownTest -->
        <test-method status="PASS" signature="tearDown()[pri:0, instance:com.computech.testcases.LogoutTest@39aeed2f]" name="tearDown" is-config="true" duration-ms="1850" started-at="2021-09-05T09:42:53 IST" finished-at="2021-09-05T09:42:54 IST">
          <reporter-output>
          </reporter-output>
        </test-method> <!-- tearDown -->
      </class> <!-- com.computech.testcases.LogoutTest -->
    </test> <!-- Test -->
  </suite> <!-- Logout Testcases -->
</testng-results>
